<?xml version="1.0" encoding="UTF-8"?>
<!-- Generated by org.testng.reporters.JUnitReportReporter -->
<testsuite skipped="0" hostname="MECHROCKERZ" name="ParallelrunproblemwithStaticDriver.TestoneWithStaticWebdriver" tests="2" failures="0" timestamp="27 Aug 2020 12:56:59 GMT" time="597.409" errors="1">
  <testcase name="fbtest" time="349.354" classname="ParallelrunproblemwithStaticDriver.TestoneWithStaticWebdriver"/>
  <testcase name="googletest" time="248.055" classname="ParallelrunproblemwithStaticDriver.TestoneWithStaticWebdriver">
    <error type="org.openqa.selenium.WebDriverException" message="unknown error: DevToolsActivePort file doesn&#039;t exist
Build info: version: &#039;4.0.0-alpha-3&#039;, revision: &#039;8c567de6dc&#039;
System info: host: &#039;MECHROCKERZ&#039;, ip: &#039;192.168.158.1&#039;, os.name: &#039;Windows 7&#039;, os.arch: &#039;x86&#039;, os.version: &#039;6.1&#039;, java.version: &#039;1.8.0_121&#039;
Driver info: driver.version: ChromeDriver
remote stacktrace: Backtrace:
	Ordinal0 [0x00F00C83+1707139]
	Ordinal0 [0x00E668F1+1075441]
	Ordinal0 [0x00DDDFC9+516041]
	Ordinal0 [0x00D6FB81+64385]
	Ordinal0 [0x00D6CC5B+52315]
	Ordinal0 [0x00D8BFD7+180183]
	Ordinal0 [0x00D8BDDD+179677]
	Ordinal0 [0x00D89D4B+171339]
	Ordinal0 [0x00D71D4A+73034]
	Ordinal0 [0x00D72DC0+77248]
	Ordinal0 [0x00D72D59+77145]
	Ordinal0 [0x00E7BB67+1162087]
	GetHandleVerifier [0x00F9A966+508998]
	GetHandleVerifier [0x00F9A6A4+508292]
	GetHandleVerifier [0x00FAF7B7+594583]
	GetHandleVerifier [0x00F9B1D6+511158]
	Ordinal0 [0x00E7402C+1130540]
	Ordinal0 [0x00E7D4CB+1168587]
	Ordinal0 [0x00E7D633+1168947]
	Ordinal0 [0x00E95B35+1268533]
	BaseThreadInitThunk [0x7658EF1C+18]
	RtlInitializeExceptionChain [0x77B83648+239]
	RtlInitializeExceptionChain [0x77B8361B+194]
">
      <![CDATA[org.openqa.selenium.WebDriverException: unknown error: DevToolsActivePort file doesn't exist
Build info: version: '4.0.0-alpha-3', revision: '8c567de6dc'
System info: host: 'MECHROCKERZ', ip: '192.168.158.1', os.name: 'Windows 7', os.arch: 'x86', os.version: '6.1', java.version: '1.8.0_121'
Driver info: driver.version: ChromeDriver
remote stacktrace: Backtrace:
Ordinal0 [0x00F00C83+1707139]
Ordinal0 [0x00E668F1+1075441]
Ordinal0 [0x00DDDFC9+516041]
Ordinal0 [0x00D6FB81+64385]
Ordinal0 [0x00D6CC5B+52315]
Ordinal0 [0x00D8BFD7+180183]
Ordinal0 [0x00D8BDDD+179677]
Ordinal0 [0x00D89D4B+171339]
Ordinal0 [0x00D71D4A+73034]
Ordinal0 [0x00D72DC0+77248]
Ordinal0 [0x00D72D59+77145]
Ordinal0 [0x00E7BB67+1162087]
GetHandleVerifier [0x00F9A966+508998]
GetHandleVerifier [0x00F9A6A4+508292]
GetHandleVerifier [0x00FAF7B7+594583]
GetHandleVerifier [0x00F9B1D6+511158]
Ordinal0 [0x00E7402C+1130540]
Ordinal0 [0x00E7D4CB+1168587]
Ordinal0 [0x00E7D633+1168947]
Ordinal0 [0x00E95B35+1268533]
BaseThreadInitThunk [0x7658EF1C+18]
RtlInitializeExceptionChain [0x77B83648+239]
RtlInitializeExceptionChain [0x77B8361B+194]

at sun.reflect.NativeConstructorAccessorImpl.newInstance0(Native Method)
at sun.reflect.NativeConstructorAccessorImpl.newInstance(NativeConstructorAccessorImpl.java:62)
at sun.reflect.DelegatingConstructorAccessorImpl.newInstance(DelegatingConstructorAccessorImpl.java:45)
at java.lang.reflect.Constructor.newInstance(Constructor.java:423)
at org.openqa.selenium.remote.W3CHandshakeResponse.lambda$errorHandler$0(W3CHandshakeResponse.java:62)
at org.openqa.selenium.remote.HandshakeResponse.lambda$getResponseFunction$0(HandshakeResponse.java:30)
at org.openqa.selenium.remote.ProtocolHandshake.lambda$createSession$1(ProtocolHandshake.java:127)
at java.util.stream.ReferencePipeline$3$1.accept(ReferencePipeline.java:193)
at java.util.Spliterators$ArraySpliterator.tryAdvance(Spliterators.java:958)
at java.util.stream.ReferencePipeline.forEachWithCancel(ReferencePipeline.java:126)
at java.util.stream.AbstractPipeline.copyIntoWithCancel(AbstractPipeline.java:498)
at java.util.stream.AbstractPipeline.copyInto(AbstractPipeline.java:485)
at java.util.stream.AbstractPipeline.wrapAndCopyInto(AbstractPipeline.java:471)
at java.util.stream.FindOps$FindOp.evaluateSequential(FindOps.java:152)
at java.util.stream.AbstractPipeline.evaluate(AbstractPipeline.java:234)
at java.util.stream.ReferencePipeline.findFirst(ReferencePipeline.java:464)
at org.openqa.selenium.remote.ProtocolHandshake.createSession(ProtocolHandshake.java:129)
at org.openqa.selenium.remote.ProtocolHandshake.createSession(ProtocolHandshake.java:75)
at org.openqa.selenium.remote.HttpCommandExecutor.execute(HttpCommandExecutor.java:139)
at org.openqa.selenium.remote.service.DriverCommandExecutor.execute(DriverCommandExecutor.java:83)
at org.openqa.selenium.remote.RemoteWebDriver.execute(RemoteWebDriver.java:576)
at org.openqa.selenium.remote.RemoteWebDriver.startSession(RemoteWebDriver.java:210)
at org.openqa.selenium.remote.RemoteWebDriver.<init>(RemoteWebDriver.java:130)
at org.openqa.selenium.chromium.ChromiumDriver.<init>(ChromiumDriver.java:75)
at org.openqa.selenium.chrome.ChromeDriver.<init>(ChromeDriver.java:163)
at org.openqa.selenium.chrome.ChromeDriver.<init>(ChromeDriver.java:150)
at org.openqa.selenium.chrome.ChromeDriver.<init>(ChromeDriver.java:105)
at ParallelrunproblemwithStaticDriver.WebDriverFactoryStatic.setdriver(WebDriverFactoryStatic.java:13)
at ParallelrunproblemwithStaticDriver.TestoneWithStaticWebdriver.googletest(TestoneWithStaticWebdriver.java:14)
at sun.reflect.NativeMethodAccessorImpl.invoke0(Native Method)
at sun.reflect.NativeMethodAccessorImpl.invoke(NativeMethodAccessorImpl.java:62)
at sun.reflect.DelegatingMethodAccessorImpl.invoke(DelegatingMethodAccessorImpl.java:43)
at java.lang.reflect.Method.invoke(Method.java:498)
at org.testng.internal.MethodInvocationHelper.invokeMethod(MethodInvocationHelper.java:124)
at org.testng.internal.Invoker.invokeMethod(Invoker.java:583)
at org.testng.internal.Invoker.invokeTestMethod(Invoker.java:719)
at org.testng.internal.Invoker.invokeTestMethods(Invoker.java:989)
at org.testng.internal.TestMethodWorker.invokeTestMethods(TestMethodWorker.java:125)
at org.testng.internal.TestMethodWorker.run(TestMethodWorker.java:109)
at java.util.concurrent.ThreadPoolExecutor.runWorker(ThreadPoolExecutor.java:1142)
at java.util.concurrent.ThreadPoolExecutor$Worker.run(ThreadPoolExecutor.java:617)
at java.lang.Thread.run(Thread.java:745)
]]>
    </error>
  </testcase> <!-- googletest -->
</testsuite> <!-- ParallelrunproblemwithStaticDriver.TestoneWithStaticWebdriver -->
